<?xml version='1.0'?>
<ns2:test-suite xmlns:ns2='urn:model.allure.qatools.yandex.ru' start='1668533178808' stop='1668533179710'>
    <name>The Login Website: As a user, I can add a new button</name>
    <title>The Login Website: As a user, I can add a new button</title>
    <test-cases>
        <test-case start='1668533178809' status='passed' stop='1668533178810'>
            <name></name>
            <title></title>
            <labels>
                <label name='language' value='javascript'/>
                <label name='framework' value='wdio'/>
                <label name='thread' value='0-0'/>
            </labels>
            <parameters>
                <parameter kind='argument' name='browser' value='chrome-107.0.5304.110'/>
            </parameters>
            <steps/>
            <attachments/>
        </test-case>
        <test-case start='1668533178810' status='passed' stop='1668533179707'>
            <name>Given I am on the "add_remove_element/" page</name>
            <title>Given I am on the "add_remove_element/" page</title>
            <labels>
                <label name='language' value='javascript'/>
                <label name='framework' value='wdio'/>
                <label name='thread' value='0-0'/>
            </labels>
            <parameters>
                <parameter kind='argument' name='browser' value='chrome-107.0.5304.110'/>
            </parameters>
            <steps>
                <step start='1668533178812' status='passed' stop='1668533179706'>
                    <name>POST /session/:sessionId/url</name>
                    <title>POST /session/:sessionId/url</title>
                    <attachments>
                        <attachment title='Request' source='1a208c6c-1a5a-404e-844d-85274ca4e621-attachment.json' type='application/json' size='69'/>
                    </attachments>
                    <steps/>
                </step>
            </steps>
            <attachments/>
        </test-case>
        <test-case start='1668533179707' status='broken' stop='1668533179708'>
            <name>When I click on &lt;Add Element> button</name>
            <title>When I click on &lt;Add Element> button</title>
            <labels>
                <label name='language' value='javascript'/>
                <label name='framework' value='wdio'/>
                <label name='thread' value='0-0'/>
            </labels>
            <parameters>
                <parameter kind='argument' name='browser' value='chrome-107.0.5304.110'/>
            </parameters>
            <steps/>
            <attachments/>
            <failure>
                <message>Step "I click on &lt;Add Element> button" is not defined. You can ignore this error by setting cucumberOpts.ignoreUndefinedDefinitions as true.</message>
                <stack-trace>Step "I click on &lt;Add Element> button" is not defined. You can ignore this error by setting cucumberOpts.ignoreUndefinedDefinitions as true.
                	at Feature(/Users/tatsianaklimovich/Documents/hw-automation-framework/features/add_remove_elements.feature):1:1
                	at Scenario(As a user, I can add a new button):6:3
                	at Step(I click on &lt;Add Element> button):7:5
                </stack-trace>
            </failure>
        </test-case>
        <test-case start='1668533179708' status='broken' stop='1668533179708'>
            <name>Then I see new delete button appears</name>
            <title>Then I see new delete button appears</title>
            <labels>
                <label name='language' value='javascript'/>
                <label name='framework' value='wdio'/>
                <label name='thread' value='0-0'/>
            </labels>
            <parameters>
                <parameter kind='argument' name='browser' value='chrome-107.0.5304.110'/>
            </parameters>
            <steps/>
            <attachments/>
            <failure>
                <message>Step "I see new delete button appears" is not defined. You can ignore this error by setting cucumberOpts.ignoreUndefinedDefinitions as true.</message>
                <stack-trace>Step "I see new delete button appears" is not defined. You can ignore this error by setting cucumberOpts.ignoreUndefinedDefinitions as true.
                	at Feature(/Users/tatsianaklimovich/Documents/hw-automation-framework/features/add_remove_elements.feature):1:1
                	at Scenario(As a user, I can add a new button):6:3
                	at Step(I see new delete button appears):8:5
                </stack-trace>
            </failure>
        </test-case>
        <test-case start='1668533179708' status='passed' stop='1668533179709'>
            <name></name>
            <title></title>
            <labels>
                <label name='language' value='javascript'/>
                <label name='framework' value='wdio'/>
                <label name='thread' value='0-0'/>
            </labels>
            <parameters>
                <parameter kind='argument' name='browser' value='chrome-107.0.5304.110'/>
            </parameters>
            <steps/>
            <attachments/>
        </test-case>
    </test-cases>
</ns2:test-suite>