<?xml version='1.0'?>
<ns2:test-suite xmlns:ns2='urn:model.allure.qatools.yandex.ru' start='1668630629936' stop='1668630630208'>
    <name>The Hover Page: As A user, I can hover any image and click to view profile.</name>
    <title>The Hover Page: As A user, I can hover any image and click to view profile.</title>
    <test-cases>
        <test-case start='1668630629936' status='passed' stop='1668630629936'>
            <name></name>
            <title></title>
            <labels>
                <label name='language' value='javascript'/>
                <label name='framework' value='wdio'/>
                <label name='thread' value='0-0'/>
            </labels>
            <parameters>
                <parameter kind='argument' name='browser' value='chrome-107.0.5304.110'/>
            </parameters>
            <steps/>
            <attachments/>
        </test-case>
        <test-case start='1668630629937' status='passed' stop='1668630630168'>
            <name>Given I am on the "hovers" page</name>
            <title>Given I am on the "hovers" page</title>
            <labels>
                <label name='language' value='javascript'/>
                <label name='framework' value='wdio'/>
                <label name='thread' value='0-0'/>
            </labels>
            <parameters>
                <parameter kind='argument' name='browser' value='chrome-107.0.5304.110'/>
            </parameters>
            <steps>
                <step start='1668630629937' status='passed' stop='1668630630168'>
                    <name>POST /session/:sessionId/url</name>
                    <title>POST /session/:sessionId/url</title>
                    <attachments>
                        <attachment title='Request' source='a951476b-1753-4283-bbe1-2cee9372d178-attachment.json' type='application/json' size='56'/>
                    </attachments>
                    <steps/>
                </step>
            </steps>
            <attachments/>
        </test-case>
        <test-case start='1668630630168' status='passed' stop='1668630630207'>
            <name>When I hover on '/html/body/div[2]/div/div/div[3]/img'</name>
            <title>When I hover on '/html/body/div[2]/div/div/div[3]/img'</title>
            <labels>
                <label name='language' value='javascript'/>
                <label name='framework' value='wdio'/>
                <label name='thread' value='0-0'/>
            </labels>
            <parameters>
                <parameter kind='argument' name='browser' value='chrome-107.0.5304.110'/>
            </parameters>
            <steps>
                <step start='1668630630169' status='passed' stop='1668630630182'>
                    <name>POST /session/:sessionId/element</name>
                    <title>POST /session/:sessionId/element</title>
                    <attachments>
                        <attachment title='Request' source='6f28797f-3be8-4411-94fa-d7d21f8b4a44-attachment.json' type='application/json' size='73'/>
                        <attachment title='Response' source='f9976acf-5228-4f0a-9af6-6346b13ca293-attachment.json' type='application/json' size='83'/>
                    </attachments>
                    <steps/>
                </step>
                <step start='1668630630184' status='passed' stop='1668630630193'>
                    <name>GET /session/:sessionId/element/bce0c777-b4f6-4b3b-b9ac-5b4369db50b6/rect</name>
                    <title>GET /session/:sessionId/element/bce0c777-b4f6-4b3b-b9ac-5b4369db50b6/rect</title>
                    <attachments>
                        <attachment title='Response' source='0a091908-2836-44e7-aece-9fd9bd382714-attachment.json' type='application/json' size='67'/>
                    </attachments>
                    <steps/>
                </step>
                <step start='1668630630193' status='passed' stop='1668630630199'>
                    <name>POST /session/:sessionId/execute/sync</name>
                    <title>POST /session/:sessionId/execute/sync</title>
                    <attachments>
                        <attachment title='Request' source='11631ef4-f0b6-4552-a94b-3047a6f6e145-attachment.json' type='application/json' size='158'/>
                        <attachment title='Response' source='60a9bfe2-e6be-4cce-b03f-fcb4291d717c-attachment.json' type='application/json' size='34'/>
                    </attachments>
                    <steps/>
                </step>
                <step start='1668630630199' status='passed' stop='1668630630205'>
                    <name>POST /session/:sessionId/actions</name>
                    <title>POST /session/:sessionId/actions</title>
                    <attachments>
                        <attachment title='Request' source='8845c271-ca99-49b0-a2fb-043e0c3093e5-attachment.json' type='application/json' size='288'/>
                    </attachments>
                    <steps/>
                </step>
                <step start='1668630630205' status='passed' stop='1668630630207'>
                    <name>DELETE /session/:sessionId/actions</name>
                    <title>DELETE /session/:sessionId/actions</title>
                    <attachments/>
                    <steps/>
                </step>
            </steps>
            <attachments/>
        </test-case>
        <test-case start='1668630630207' status='broken' stop='1668630630208'>
            <name>When Click on '//*[@id="content"]/div/div[3]/div/a'</name>
            <title>When Click on '//*[@id="content"]/div/div[3]/div/a'</title>
            <labels>
                <label name='language' value='javascript'/>
                <label name='framework' value='wdio'/>
                <label name='thread' value='0-0'/>
            </labels>
            <parameters>
                <parameter kind='argument' name='browser' value='chrome-107.0.5304.110'/>
            </parameters>
            <steps/>
            <attachments/>
            <failure>
                <message>Step "Click on '//*[@id="content"]/div/div[3]/div/a'" is not defined. You can ignore this error by setting cucumberOpts.ignoreUndefinedDefinitions as true.</message>
                <stack-trace>Step "Click on '//*[@id="content"]/div/div[3]/div/a'" is not defined. You can ignore this error by setting cucumberOpts.ignoreUndefinedDefinitions as true.
                	at Feature(/Users/tatsianaklimovich/Documents/hw-automation-framework/features/hovers.feature):1:1
                	at Scenario(As A user, I can hover any image and click to view profile.):3:5
                	at Step(Click on &lt;link>):6:9
                </stack-trace>
            </failure>
        </test-case>
        <test-case start='1668630630208' status='broken' stop='1668630630208'>
            <name>Then I am on users page 3.</name>
            <title>Then I am on users page 3.</title>
            <labels>
                <label name='language' value='javascript'/>
                <label name='framework' value='wdio'/>
                <label name='thread' value='0-0'/>
            </labels>
            <parameters>
                <parameter kind='argument' name='browser' value='chrome-107.0.5304.110'/>
            </parameters>
            <steps/>
            <attachments/>
            <failure>
                <message>Step "I am on users page 3." is not defined. You can ignore this error by setting cucumberOpts.ignoreUndefinedDefinitions as true.</message>
                <stack-trace>Step "I am on users page 3." is not defined. You can ignore this error by setting cucumberOpts.ignoreUndefinedDefinitions as true.
                	at Feature(/Users/tatsianaklimovich/Documents/hw-automation-framework/features/hovers.feature):1:1
                	at Scenario(As A user, I can hover any image and click to view profile.):3:5
                	at Step(I am on users page &lt;user>.):7:9
                </stack-trace>
            </failure>
        </test-case>
        <test-case start='1668630630208' status='passed' stop='1668630630208'>
            <name></name>
            <title></title>
            <labels>
                <label name='language' value='javascript'/>
                <label name='framework' value='wdio'/>
                <label name='thread' value='0-0'/>
            </labels>
            <parameters>
                <parameter kind='argument' name='browser' value='chrome-107.0.5304.110'/>
            </parameters>
            <steps/>
            <attachments/>
        </test-case>
    </test-cases>
</ns2:test-suite>