<?xml version='1.0'?>
<ns2:test-suite xmlns:ns2='urn:model.allure.qatools.yandex.ru' start='1668540366165' stop='1668540366795'>
    <name>Key presses page: : As A user, I can press a key and see what I inputted</name>
    <title>Key presses page: : As A user, I can press a key and see what I inputted</title>
    <test-cases>
        <test-case start='1668540366165' status='passed' stop='1668540366165'>
            <name></name>
            <title></title>
            <labels>
                <label name='language' value='javascript'/>
                <label name='framework' value='wdio'/>
                <label name='thread' value='0-0'/>
            </labels>
            <parameters>
                <parameter kind='argument' name='browser' value='chrome-107.0.5304.110'/>
            </parameters>
            <steps/>
            <attachments/>
        </test-case>
        <test-case start='1668540366166' status='passed' stop='1668540366793'>
            <name>Given I am on the "key_presses" page</name>
            <title>Given I am on the "key_presses" page</title>
            <labels>
                <label name='language' value='javascript'/>
                <label name='framework' value='wdio'/>
                <label name='thread' value='0-0'/>
            </labels>
            <parameters>
                <parameter kind='argument' name='browser' value='chrome-107.0.5304.110'/>
            </parameters>
            <steps>
                <step start='1668540366166' status='passed' stop='1668540366793'>
                    <name>POST /session/:sessionId/url</name>
                    <title>POST /session/:sessionId/url</title>
                    <attachments>
                        <attachment title='Request' source='9e98482e-31c4-41ce-bf6e-074cfa2f852f-attachment.json' type='application/json' size='61'/>
                    </attachments>
                    <steps/>
                </step>
            </steps>
            <attachments/>
        </test-case>
        <test-case start='1668540366793' status='broken' stop='1668540366794'>
            <name>When I press a random A</name>
            <title>When I press a random A</title>
            <labels>
                <label name='language' value='javascript'/>
                <label name='framework' value='wdio'/>
                <label name='thread' value='0-0'/>
            </labels>
            <parameters>
                <parameter kind='argument' name='browser' value='chrome-107.0.5304.110'/>
            </parameters>
            <steps/>
            <attachments/>
            <failure>
                <message>Step "I press a random A" is not defined. You can ignore this error by setting cucumberOpts.ignoreUndefinedDefinitions as true.</message>
                <stack-trace>Step "I press a random A" is not defined. You can ignore this error by setting cucumberOpts.ignoreUndefinedDefinitions as true.
                	at Feature(/Users/tatsianaklimovich/Documents/hw-automation-framework/features/key_presses.feature):1:1
                	at Scenario(: As A user, I can press a key and see what I inputted):6:3
                	at Step(I press a random &lt;key>):7:5
                </stack-trace>
            </failure>
        </test-case>
        <test-case start='1668540366794' status='broken' stop='1668540366794'>
            <name>Then I see a You entered: A on the screen</name>
            <title>Then I see a You entered: A on the screen</title>
            <labels>
                <label name='language' value='javascript'/>
                <label name='framework' value='wdio'/>
                <label name='thread' value='0-0'/>
            </labels>
            <parameters>
                <parameter kind='argument' name='browser' value='chrome-107.0.5304.110'/>
            </parameters>
            <steps/>
            <attachments/>
            <failure>
                <message>Step "I see a You entered: A on the screen" is not defined. You can ignore this error by setting cucumberOpts.ignoreUndefinedDefinitions as true.</message>
                <stack-trace>Step "I see a You entered: A on the screen" is not defined. You can ignore this error by setting cucumberOpts.ignoreUndefinedDefinitions as true.
                	at Feature(/Users/tatsianaklimovich/Documents/hw-automation-framework/features/key_presses.feature):1:1
                	at Scenario(: As A user, I can press a key and see what I inputted):6:3
                	at Step(I see a &lt;message> on the screen):8:5
                </stack-trace>
            </failure>
        </test-case>
        <test-case start='1668540366794' status='passed' stop='1668540366795'>
            <name></name>
            <title></title>
            <labels>
                <label name='language' value='javascript'/>
                <label name='framework' value='wdio'/>
                <label name='thread' value='0-0'/>
            </labels>
            <parameters>
                <parameter kind='argument' name='browser' value='chrome-107.0.5304.110'/>
            </parameters>
            <steps/>
            <attachments/>
        </test-case>
    </test-cases>
</ns2:test-suite>