<?xml version='1.0'?>
<ns2:test-suite xmlns:ns2='urn:model.allure.qatools.yandex.ru' start='1668526868330' stop='1668526868340'>
    <name>The Elements Website: As a user, I can click on 'Add' button</name>
    <title>The Elements Website: As a user, I can click on 'Add' button</title>
    <test-cases>
        <test-case start='1668526868331' status='passed' stop='1668526868333'>
            <name></name>
            <title></title>
            <labels>
                <label name='language' value='javascript'/>
                <label name='framework' value='wdio'/>
                <label name='thread' value='0-0'/>
            </labels>
            <parameters>
                <parameter kind='argument' name='browser' value='chrome-107.0.5304.110'/>
            </parameters>
            <steps/>
            <attachments/>
        </test-case>
        <test-case start='1668526868333' status='broken' stop='1668526868335'>
            <name>When I click on the Add button</name>
            <title>When I click on the Add button</title>
            <labels>
                <label name='language' value='javascript'/>
                <label name='framework' value='wdio'/>
                <label name='thread' value='0-0'/>
            </labels>
            <parameters>
                <parameter kind='argument' name='browser' value='chrome-107.0.5304.110'/>
            </parameters>
            <steps/>
            <attachments/>
            <failure>
                <message>Step "I click on the Add button" is not defined. You can ignore this error by setting cucumberOpts.ignoreUndefinedDefinitions as true.</message>
                <stack-trace>Step "I click on the Add button" is not defined. You can ignore this error by setting cucumberOpts.ignoreUndefinedDefinitions as true.
                	at Feature(/Users/tatsianaklimovich/Documents/hw-automation-framework/features/add_remove_elements.feature):1:1
                	at Scenario(As a user, I can click on 'Add' button):6:1
                	at Step(I click on the Add button):8:4
                </stack-trace>
            </failure>
        </test-case>
        <test-case start='1668526868335' status='broken' stop='1668526868335'>
            <name>Then I should see a new Delete button</name>
            <title>Then I should see a new Delete button</title>
            <labels>
                <label name='language' value='javascript'/>
                <label name='framework' value='wdio'/>
                <label name='thread' value='0-0'/>
            </labels>
            <parameters>
                <parameter kind='argument' name='browser' value='chrome-107.0.5304.110'/>
            </parameters>
            <steps/>
            <attachments/>
            <failure>
                <message>Step "I should see a new Delete button" is not defined. You can ignore this error by setting cucumberOpts.ignoreUndefinedDefinitions as true.</message>
                <stack-trace>Step "I should see a new Delete button" is not defined. You can ignore this error by setting cucumberOpts.ignoreUndefinedDefinitions as true.
                	at Feature(/Users/tatsianaklimovich/Documents/hw-automation-framework/features/add_remove_elements.feature):1:1
                	at Scenario(As a user, I can click on 'Add' button):6:1
                	at Step(I should see a new Delete button):9:4
                </stack-trace>
            </failure>
        </test-case>
        <test-case start='1668526868336' status='passed' stop='1668526868338'>
            <name></name>
            <title></title>
            <labels>
                <label name='language' value='javascript'/>
                <label name='framework' value='wdio'/>
                <label name='thread' value='0-0'/>
            </labels>
            <parameters>
                <parameter kind='argument' name='browser' value='chrome-107.0.5304.110'/>
            </parameters>
            <steps/>
            <attachments/>
        </test-case>
    </test-cases>
</ns2:test-suite>