<?xml version='1.0'?>
<ns2:test-suite xmlns:ns2='urn:model.allure.qatools.yandex.ru' start='1668630628727' stop='1668630629932'>
    <name>The Hover Page: As A user, I can hover any image and click to view profile.</name>
    <title>The Hover Page: As A user, I can hover any image and click to view profile.</title>
    <test-cases>
        <test-case start='1668630628727' status='passed' stop='1668630628727'>
            <name></name>
            <title></title>
            <labels>
                <label name='language' value='javascript'/>
                <label name='framework' value='wdio'/>
                <label name='thread' value='0-0'/>
            </labels>
            <parameters>
                <parameter kind='argument' name='browser' value='chrome-107.0.5304.110'/>
            </parameters>
            <steps/>
            <attachments/>
        </test-case>
        <test-case start='1668630628728' status='passed' stop='1668630629880'>
            <name>Given I am on the "hovers" page</name>
            <title>Given I am on the "hovers" page</title>
            <labels>
                <label name='language' value='javascript'/>
                <label name='framework' value='wdio'/>
                <label name='thread' value='0-0'/>
            </labels>
            <parameters>
                <parameter kind='argument' name='browser' value='chrome-107.0.5304.110'/>
            </parameters>
            <steps>
                <step start='1668630628728' status='passed' stop='1668630629880'>
                    <name>POST /session/:sessionId/url</name>
                    <title>POST /session/:sessionId/url</title>
                    <attachments>
                        <attachment title='Request' source='68b64d86-c88b-44a5-b95e-21fdb5d88d19-attachment.json' type='application/json' size='56'/>
                    </attachments>
                    <steps/>
                </step>
            </steps>
            <attachments/>
        </test-case>
        <test-case start='1668630629880' status='passed' stop='1668630629931'>
            <name>When I hover on '/html/body/div[2]/div/div/div[2]/img'</name>
            <title>When I hover on '/html/body/div[2]/div/div/div[2]/img'</title>
            <labels>
                <label name='language' value='javascript'/>
                <label name='framework' value='wdio'/>
                <label name='thread' value='0-0'/>
            </labels>
            <parameters>
                <parameter kind='argument' name='browser' value='chrome-107.0.5304.110'/>
            </parameters>
            <steps>
                <step start='1668630629881' status='passed' stop='1668630629896'>
                    <name>POST /session/:sessionId/element</name>
                    <title>POST /session/:sessionId/element</title>
                    <attachments>
                        <attachment title='Request' source='ebcd178c-91fb-424d-aa0b-f721ec74fa95-attachment.json' type='application/json' size='73'/>
                        <attachment title='Response' source='c957bc86-9855-4569-ba3e-3f87fdb37a47-attachment.json' type='application/json' size='83'/>
                    </attachments>
                    <steps/>
                </step>
                <step start='1668630629899' status='passed' stop='1668630629908'>
                    <name>GET /session/:sessionId/element/3cd71ce3-6d83-4e1a-80f5-f457d4579b2a/rect</name>
                    <title>GET /session/:sessionId/element/3cd71ce3-6d83-4e1a-80f5-f457d4579b2a/rect</title>
                    <attachments>
                        <attachment title='Response' source='6a9f65c7-22b4-4111-bc8e-4442df8b3e63-attachment.json' type='application/json' size='67'/>
                    </attachments>
                    <steps/>
                </step>
                <step start='1668630629909' status='passed' stop='1668630629917'>
                    <name>POST /session/:sessionId/execute/sync</name>
                    <title>POST /session/:sessionId/execute/sync</title>
                    <attachments>
                        <attachment title='Request' source='ed121876-4f2f-45b0-be06-069494bb2d99-attachment.json' type='application/json' size='158'/>
                        <attachment title='Response' source='381a0f7f-cf66-477e-835d-10346cea40a2-attachment.json' type='application/json' size='34'/>
                    </attachments>
                    <steps/>
                </step>
                <step start='1668630629917' status='passed' stop='1668630629926'>
                    <name>POST /session/:sessionId/actions</name>
                    <title>POST /session/:sessionId/actions</title>
                    <attachments>
                        <attachment title='Request' source='54c711da-dda7-42a5-9444-fc9dc8d343f4-attachment.json' type='application/json' size='288'/>
                    </attachments>
                    <steps/>
                </step>
                <step start='1668630629926' status='passed' stop='1668630629930'>
                    <name>DELETE /session/:sessionId/actions</name>
                    <title>DELETE /session/:sessionId/actions</title>
                    <attachments/>
                    <steps/>
                </step>
            </steps>
            <attachments/>
        </test-case>
        <test-case start='1668630629931' status='broken' stop='1668630629931'>
            <name>When Click on '//*[@id="content"]/div/div[2]/div/a'</name>
            <title>When Click on '//*[@id="content"]/div/div[2]/div/a'</title>
            <labels>
                <label name='language' value='javascript'/>
                <label name='framework' value='wdio'/>
                <label name='thread' value='0-0'/>
            </labels>
            <parameters>
                <parameter kind='argument' name='browser' value='chrome-107.0.5304.110'/>
            </parameters>
            <steps/>
            <attachments/>
            <failure>
                <message>Step "Click on '//*[@id="content"]/div/div[2]/div/a'" is not defined. You can ignore this error by setting cucumberOpts.ignoreUndefinedDefinitions as true.</message>
                <stack-trace>Step "Click on '//*[@id="content"]/div/div[2]/div/a'" is not defined. You can ignore this error by setting cucumberOpts.ignoreUndefinedDefinitions as true.
                	at Feature(/Users/tatsianaklimovich/Documents/hw-automation-framework/features/hovers.feature):1:1
                	at Scenario(As A user, I can hover any image and click to view profile.):3:5
                	at Step(Click on &lt;link>):6:9
                </stack-trace>
            </failure>
        </test-case>
        <test-case start='1668630629931' status='broken' stop='1668630629932'>
            <name>Then I am on users page 2.</name>
            <title>Then I am on users page 2.</title>
            <labels>
                <label name='language' value='javascript'/>
                <label name='framework' value='wdio'/>
                <label name='thread' value='0-0'/>
            </labels>
            <parameters>
                <parameter kind='argument' name='browser' value='chrome-107.0.5304.110'/>
            </parameters>
            <steps/>
            <attachments/>
            <failure>
                <message>Step "I am on users page 2." is not defined. You can ignore this error by setting cucumberOpts.ignoreUndefinedDefinitions as true.</message>
                <stack-trace>Step "I am on users page 2." is not defined. You can ignore this error by setting cucumberOpts.ignoreUndefinedDefinitions as true.
                	at Feature(/Users/tatsianaklimovich/Documents/hw-automation-framework/features/hovers.feature):1:1
                	at Scenario(As A user, I can hover any image and click to view profile.):3:5
                	at Step(I am on users page &lt;user>.):7:9
                </stack-trace>
            </failure>
        </test-case>
        <test-case start='1668630629932' status='passed' stop='1668630629932'>
            <name></name>
            <title></title>
            <labels>
                <label name='language' value='javascript'/>
                <label name='framework' value='wdio'/>
                <label name='thread' value='0-0'/>
            </labels>
            <parameters>
                <parameter kind='argument' name='browser' value='chrome-107.0.5304.110'/>
            </parameters>
            <steps/>
            <attachments/>
        </test-case>
    </test-cases>
</ns2:test-suite>